# JRE version: OpenJDK Runtime Environment (8.0_152-b01) (build 1.8.0_152-release-915-b01)
# Java VM: OpenJDK 64-Bit Server VM (25.152-b01 mixed mode windows-amd64 compressed oops)
Heap:
 PSYoungGen      total 356864K, used 11799K [0x00000000e0000000, 0x00000000ffb00000, 0x0000000100000000)
  eden space 329216K, 3% used [0x00000000e0000000,0x00000000e0b85d68,0x00000000f4180000)
  from space 27648K, 0% used [0x00000000f4180000,0x00000000f4180000,0x00000000f5c80000)
  to   space 29184K, 0% used [0x00000000fde80000,0x00000000fde80000,0x00000000ffb00000)
 ParOldGen       total 124928K, used 49508K [0x00000000a0000000, 0x00000000a7a00000, 0x00000000e0000000)
  object space 124928K, 39% used [0x00000000a0000000,0x00000000a30591d8,0x00000000a7a00000)
 Metaspace       used 57928K, capacity 60562K, committed 60800K, reserved 1101824K
  class space    used 7879K, capacity 8535K, committed 8576K, reserved 1048576K
GC Heap History (10 events):
Event: 11.156 GC heap before
{Heap before GC invocations=8 (full 2):
 PSYoungGen      total 213504K, used 10148K [0x00000000e0000000, 0x00000000eea80000, 0x0000000100000000)
  eden space 199680K, 0% used [0x00000000e0000000,0x00000000e0000000,0x00000000ec300000)
  from space 13824K, 73% used [0x00000000ed080000,0x00000000eda69298,0x00000000ede00000)
  to   space 13824K, 0% used [0x00000000ec300000,0x00000000ec300000,0x00000000ed080000)
 ParOldGen       total 93184K, used 7178K [0x00000000a0000000, 0x00000000a5b00000, 0x00000000e0000000)
  object space 93184K, 7% used [0x00000000a0000000,0x00000000a0702b58,0x00000000a5b00000)
 Metaspace       used 34585K, capacity 35306K, committed 35416K, reserved 1079296K
  class space    used 4718K, capacity 5011K, committed 5120K, reserved 1048576K
Event: 11.195 GC heap after
Heap after GC invocations=8 (full 2):
 PSYoungGen      total 213504K, used 0K [0x00000000e0000000, 0x00000000eea80000, 0x0000000100000000)
  eden space 199680K, 0% used [0x00000000e0000000,0x00000000e0000000,0x00000000ec300000)
  from space 13824K, 0% used [0x00000000ed080000,0x00000000ed080000,0x00000000ede00000)
  to   space 13824K, 0% used [0x00000000ec300000,0x00000000ec300000,0x00000000ed080000)
 ParOldGen       total 124928K, used 16421K [0x00000000a0000000, 0x00000000a7a00000, 0x00000000e0000000)
  object space 124928K, 13% used [0x00000000a0000000,0x00000000a10095a0,0x00000000a7a00000)
 Metaspace       used 34585K, capacity 35306K, committed 35416K, reserved 1079296K
  class space    used 4718K, capacity 5011K, committed 5120K, reserved 1048576K
}
Event: 17.251 GC heap before
{Heap before GC invocations=9 (full 2):
 PSYoungGen      total 213504K, used 199680K [0x00000000e0000000, 0x00000000eea80000, 0x0000000100000000)
  eden space 199680K, 100% used [0x00000000e0000000,0x00000000ec300000,0x00000000ec300000)
  from space 13824K, 0% used [0x00000000ed080000,0x00000000ed080000,0x00000000ede00000)
  to   space 13824K, 0% used [0x00000000ec300000,0x00000000ec300000,0x00000000ed080000)
 ParOldGen       total 124928K, used 16421K [0x00000000a0000000, 0x00000000a7a00000, 0x00000000e0000000)
  object space 124928K, 13% used [0x00000000a0000000,0x00000000a10095a0,0x00000000a7a00000)
 Metaspace       used 49997K, capacity 51586K, committed 51840K, reserved 1093632K
  class space    used 6760K, capacity 7217K, committed 7296K, reserved 1048576K
Event: 17.264 GC heap after
Heap after GC invocations=9 (full 2):
 PSYoungGen      total 213504K, used 13804K [0x00000000e0000000, 0x00000000f6e80000, 0x0000000100000000)
  eden space 199680K, 0% used [0x00000000e0000000,0x00000000e0000000,0x00000000ec300000)
  from space 13824K, 99% used [0x00000000ec300000,0x00000000ed07b1c8,0x00000000ed080000)
  to   space 18432K, 0% used [0x00000000f5c80000,0x00000000f5c80000,0x00000000f6e80000)
 ParOldGen       total 124928K, used 22149K [0x00000000a0000000, 0x00000000a7a00000, 0x00000000e0000000)
  object space 124928K, 17% used [0x00000000a0000000,0x00000000a15a1660,0x00000000a7a00000)
 Metaspace       used 49997K, capacity 51586K, committed 51840K, reserved 1093632K
  class space    used 6760K, capacity 7217K, committed 7296K, reserved 1048576K
}
Event: 20.916 GC heap before
{Heap before GC invocations=10 (full 2):
 PSYoungGen      total 213504K, used 213484K [0x00000000e0000000, 0x00000000f6e80000, 0x0000000100000000)
  eden space 199680K, 100% used [0x00000000e0000000,0x00000000ec300000,0x00000000ec300000)
  from space 13824K, 99% used [0x00000000ec300000,0x00000000ed07b1c8,0x00000000ed080000)
  to   space 18432K, 0% used [0x00000000f5c80000,0x00000000f5c80000,0x00000000f6e80000)
 ParOldGen       total 124928K, used 22149K [0x00000000a0000000, 0x00000000a7a00000, 0x00000000e0000000)
  object space 124928K, 17% used [0x00000000a0000000,0x00000000a15a1660,0x00000000a7a00000)
 Metaspace       used 55168K, capacity 57302K, committed 57600K, reserved 1099776K
  class space    used 7589K, capacity 8119K, committed 8192K, reserved 1048576K
Event: 20.965 GC heap after
Heap after GC invocations=10 (full 2):
 PSYoungGen      total 347648K, used 18422K [0x00000000e0000000, 0x00000000f7b00000, 0x0000000100000000)
  eden space 329216K, 0% used [0x00000000e0000000,0x00000000e0000000,0x00000000f4180000)
  from space 18432K, 99% used [0x00000000f5c80000,0x00000000f6e7dbb8,0x00000000f6e80000)
  to   space 27648K, 0% used [0x00000000f4180000,0x00000000f4180000,0x00000000f5c80000)
 ParOldGen       total 124928K, used 38024K [0x00000000a0000000, 0x00000000a7a00000, 0x00000000e0000000)
  object space 124928K, 30% used [0x00000000a0000000,0x00000000a2522038,0x00000000a7a00000)
 Metaspace       used 55168K, capacity 57302K, committed 57600K, reserved 1099776K
  class space    used 7589K, capacity 8119K, committed 8192K, reserved 1048576K
}
Event: 22.233 GC heap before
{Heap before GC invocations=11 (full 2):
 PSYoungGen      total 347648K, used 52160K [0x00000000e0000000, 0x00000000f7b00000, 0x0000000100000000)
  eden space 329216K, 10% used [0x00000000e0000000,0x00000000e20f24b8,0x00000000f4180000)
  from space 18432K, 99% used [0x00000000f5c80000,0x00000000f6e7dbb8,0x00000000f6e80000)
  to   space 27648K, 0% used [0x00000000f4180000,0x00000000f4180000,0x00000000f5c80000)
 ParOldGen       total 124928K, used 38024K [0x00000000a0000000, 0x00000000a7a00000, 0x00000000e0000000)
  object space 124928K, 30% used [0x00000000a0000000,0x00000000a2522038,0x00000000a7a00000)
 Metaspace       used 56553K, capacity 58928K, committed 59008K, reserved 1099776K
  class space    used 7734K, capacity 8308K, committed 8320K, reserved 1048576K
Event: 22.262 GC heap after
Heap after GC invocations=11 (full 2):
 PSYoungGen      total 356864K, used 20481K [0x00000000e0000000, 0x00000000ffb00000, 0x0000000100000000)
  eden space 329216K, 0% used [0x00000000e0000000,0x00000000e0000000,0x00000000f4180000)
  from space 27648K, 74% used [0x00000000f4180000,0x00000000f55805f0,0x00000000f5c80000)
  to   space 29184K, 0% used [0x00000000fde80000,0x00000000fde80000,0x00000000ffb00000)
 ParOldGen       total 124928K, used 38032K [0x00000000a0000000, 0x00000000a7a00000, 0x00000000e0000000)
  object space 124928K, 30% used [0x00000000a0000000,0x00000000a2524038,0x00000000a7a00000)
 Metaspace       used 56553K, capacity 58928K, committed 59008K, reserved 1099776K
  class space    used 7734K, capacity 8308K, committed 8320K, reserved 1048576K
}
Event: 22.262 GC heap before
{Heap before GC invocations=12 (full 3):
 PSYoungGen      total 356864K, used 20481K [0x00000000e0000000, 0x00000000ffb00000, 0x0000000100000000)
  eden space 329216K, 0% used [0x00000000e0000000,0x00000000e0000000,0x00000000f4180000)
  from space 27648K, 74% used [0x00000000f4180000,0x00000000f55805f0,0x00000000f5c80000)
  to   space 29184K, 0% used [0x00000000fde80000,0x00000000fde80000,0x00000000ffb00000)
 ParOldGen       total 124928K, used 38032K [0x00000000a0000000, 0x00000000a7a00000, 0x00000000e0000000)
  object space 124928K, 30% used [0x00000000a0000000,0x00000000a2524038,0x00000000a7a00000)
 Metaspace       used 56553K, capacity 58928K, committed 59008K, reserved 1099776K
  class space    used 7734K, capacity 8308K, committed 8320K, reserved 1048576K
Event: 22.422 GC heap after
Heap after GC invocations=12 (full 3):
 PSYoungGen      total 356864K, used 0K [0x00000000e0000000, 0x00000000ffb00000, 0x0000000100000000)
  eden space 329216K, 0% used [0x00000000e0000000,0x00000000e0000000,0x00000000f4180000)
  from space 27648K, 0% used [0x00000000f4180000,0x00000000f4180000,0x00000000f5c80000)
  to   space 29184K, 0% used [0x00000000fde80000,0x00000000fde80000,0x00000000ffb00000)
 ParOldGen       total 124928K, used 49508K [0x00000000a0000000, 0x00000000a7a00000, 0x00000000e0000000)
  object space 124928K, 39% used [0x00000000a0000000,0x00000000a30591d8,0x00000000a7a00000)
 Metaspace       used 56553K, capacity 58928K, committed 59008K, reserved 1099776K
  class space    used 7734K, capacity 8308K, committed 8320K, reserved 1048576K
}

